<?xml version="1.0" encoding="UTF-8"?>
<!-- Generated by org.testng.reporters.JUnitReportReporter -->
<testsuite skipped="0" hostname="DESKTOP-GVBEUTM" name="com.pageTestCases.LandingPageTest" tests="3" failures="0" timestamp="2020-08-17T13:42:55 MST" time="24.713" errors="0">
  <testcase name="getLandingPageTitle" time="7.391" classname="com.pageTestCases.LandingPageTest"/>
  <system-out/>
  <testcase name="getHrmLogoImageTest" time="7.290" classname="com.pageTestCases.LandingPageTest"/>
  <system-out/>
  <testcase name="getLoginTest" time="10.032" classname="com.pageTestCases.LandingPageTest"/>
  <system-out/>
</testsuite> <!-- com.pageTestCases.LandingPageTest -->
